#
# A fatal error has been detected by the Java Runtime Environment:
#
#  EXCEPTION_ACCESS_VIOLATION (0xc0000005) at pc=0x0000000054bc7b9f, pid=4544, tid=0x0000000000003d4c
#
# JRE version: Java(TM) SE Runtime Environment (8.0_191-b12) (build 1.8.0_191-b12)
# Java VM: Java HotSpot(TM) 64-Bit Server VM (25.191-b12 mixed mode windows-amd64 compressed oops)
# Problematic frame:
# V  [jvm.dll+0xf7b9f]
#
# Failed to write core dump. Minidumps are not enabled by default on client versions of Windows
#
# If you would like to submit a bug report, please visit:
#   http://bugreport.java.com/bugreport/crash.jsp
#

---------------  T H R E A D  ---------------

Current thread (0x000000001e229800):  VMThread [stack: 0x000000001ff30000,0x0000000020030000] [id=15692]

siginfo: ExceptionCode=0xc0000005, reading address 0x000000001de89220

Registers:
RAX=0x0000000000194140, RBX=0x0000000000000000, RCX=0x000000001dcf50d0, RDX=0x000000000000ca0a
RSP=0x000000002002f088, RBP=0x000000002002f600, RSI=0x000000002002f790, RDI=0x000000002002f790
R8 =0x0000000000000000, R9 =0x000000001dcf4638, R10=0x0000000000000007, R11=0x000000001dcf3fc7
R12=0x00000000202e8f78, R13=0x000000002002f5c0, R14=0x00000000000003d8, R15=0x000000002002f5b0
RIP=0x0000000054bc7b9f, EFLAGS=0x0000000000010202

Top of Stack: (sp=0x000000002002f088)
0x000000002002f088:   0000000054bcf600 0000000000000000
0x000000002002f098:   0000000000000000 000000002002f790
0x000000002002f0a8:   0000000000000000 0000000000000000
0x000000002002f0b8:   0000000000000000 00000000550d8f18
0x000000002002f0c8:   0000000004762520 0000000000000014
0x000000002002f0d8:   000000000000000e 000000002002f100
0x000000002002f0e8:   0000000000000002 0000000000000000
0x000000002002f0f8:   0000000000000000 4fffffff4fffffff
0x000000002002f108:   0000000000000000 0000000000000000
0x000000002002f118:   0000000000000000 0000000000000000
0x000000002002f128:   0000000000000000 0000000000000000
0x000000002002f138:   0000000000000000 0000000000000000
0x000000002002f148:   0000000000000000 0000000000000000
0x000000002002f158:   0000000000000000 0000000000000000
0x000000002002f168:   0000000000000000 0000000000000000
0x000000002002f178:   0000000000000000 0000000000000000 

Instructions: (pc=0x0000000054bc7b9f)
0x0000000054bc7b7f:   74 3e 85 d2 79 13 f7 d2 48 63 c2 48 c1 e0 05 48
0x0000000054bc7b8f:   8b 44 08 10 0f b7 c0 eb 12 48 63 c2 48 c1 e0 05
0x0000000054bc7b9f:   48 8b 44 08 10 0f b7 d0 48 63 c2 41 0f b7 4c c1
0x0000000054bc7baf:   52 48 63 c1 41 0f b7 44 c1 52 49 8b 44 c1 50 c3 


Register to memory mapping:

RAX=0x0000000000194140 is an unknown value
RBX=0x0000000000000000 is an unknown value
RCX=0x000000001dcf50d0 is pointing into metadata
RDX=0x000000000000ca0a is an unknown value
RSP=0x000000002002f088 is an unknown value
RBP=0x000000002002f600 is an unknown value
RSI=0x000000002002f790 is an unknown value
RDI=0x000000002002f790 is an unknown value
R8 =0x0000000000000000 is an unknown value
R9 =0x000000001dcf4638 is pointing into metadata
R10=0x0000000000000007 is an unknown value
R11=0x000000001dcf3fc7 is pointing into metadata
R12=0x00000000202e8f78 is an unknown value
R13=0x000000002002f5c0 is an unknown value
R14=0x00000000000003d8 is an unknown value
R15=0x000000002002f5b0 is an unknown value


Stack: [0x000000001ff30000,0x0000000020030000],  sp=0x000000002002f088,  free space=1020k
Native frames: (J=compiled Java code, j=interpreted, Vv=VM code, C=native code)
V  [jvm.dll+0xf7b9f]

VM_Operation (0x0000000020d5f630): GetOrSetLocal, mode: safepoint, requested by thread 0x0000000020164000


---------------  P R O C E S S  ---------------

Java Threads: ( => current thread )
  0x000000002024d000 JavaThread "Service Thread" daemon [_thread_blocked, id=10976, stack(0x0000000021360000,0x0000000021460000)]
  0x000000002024c000 JavaThread "C1 CompilerThread3" daemon [_thread_blocked, id=13868, stack(0x0000000021260000,0x0000000021360000)]
  0x0000000020247800 JavaThread "C2 CompilerThread2" daemon [_thread_blocked, id=1568, stack(0x0000000021160000,0x0000000021260000)]
  0x0000000020246800 JavaThread "C2 CompilerThread1" daemon [_thread_blocked, id=8216, stack(0x0000000021060000,0x0000000021160000)]
  0x000000002023a800 JavaThread "C2 CompilerThread0" daemon [_thread_blocked, id=3140, stack(0x0000000020f60000,0x0000000021060000)]
  0x0000000020174000 JavaThread "JDWP Command Reader" daemon [_thread_in_native, id=18124, stack(0x0000000020e60000,0x0000000020f60000)]
  0x000000002016e800 JavaThread "JDWP Event Helper Thread" daemon [_thread_blocked, id=16072, stack(0x0000000020d60000,0x0000000020e60000)]
  0x0000000020164000 JavaThread "JDWP Transport Listener: dt_socket" daemon [_thread_blocked, id=3896, stack(0x0000000020c60000,0x0000000020d60000)]
  0x0000000020162000 JavaThread "Attach Listener" daemon [_thread_blocked, id=16128, stack(0x0000000020820000,0x0000000020920000)]
  0x000000001e23e000 JavaThread "Signal Dispatcher" daemon [_thread_blocked, id=11400, stack(0x0000000020720000,0x0000000020820000)]
  0x0000000004809800 JavaThread "Finalizer" daemon [_thread_blocked, id=15004, stack(0x0000000020530000,0x0000000020630000)]
  0x0000000004808000 JavaThread "Reference Handler" daemon [_thread_blocked, id=9500, stack(0x0000000020030000,0x0000000020130000)]
  0x000000000450e800 JavaThread "main" [_thread_blocked, id=12208, stack(0x0000000004510000,0x0000000004610000)]

Other Threads:
=>0x000000001e229800 VMThread [stack: 0x000000001ff30000,0x0000000020030000] [id=15692]
  0x0000000020393800 WatcherThread [stack: 0x0000000021460000,0x0000000021560000] [id=17452]

VM state:at safepoint (normal execution)

VM Mutex/Monitor currently owned by a thread:  ([mutex/lock_event])
[0x0000000004710bd0] Threads_lock - owner thread: 0x000000001e229800

Heap:
 PSYoungGen      total 76288K, used 7920K [0x000000076b400000, 0x0000000770900000, 0x00000007c0000000)
  eden space 65536K, 12% used [0x000000076b400000,0x000000076bbbc230,0x000000076f400000)
  from space 10752K, 0% used [0x000000076fe80000,0x000000076fe80000,0x0000000770900000)
  to   space 10752K, 0% used [0x000000076f400000,0x000000076f400000,0x000000076fe80000)
 ParOldGen       total 175104K, used 0K [0x00000006c1c00000, 0x00000006cc700000, 0x000000076b400000)
  object space 175104K, 0% used [0x00000006c1c00000,0x00000006c1c00000,0x00000006cc700000)
 Metaspace       used 5358K, capacity 5458K, committed 5504K, reserved 1056768K
  class space    used 585K, capacity 625K, committed 640K, reserved 1048576K

Card table byte_map: [0x0000000013bd0000,0x00000000143d0000] byte_map_base: 0x00000000105c2000

Marking Bits: (ParMarkBitMap*) 0x00000000552f3e30
 Begin Bits: [0x0000000015120000, 0x00000000190b0000)
 End Bits:   [0x00000000190b0000, 0x000000001d040000)

Polling page: 0x0000000004320000

CodeCache: size=245760Kb used=1513Kb max_used=1513Kb free=244246Kb
 bounds [0x0000000004810000, 0x0000000004a80000, 0x0000000013810000]
 total_blobs=462 nmethods=173 adapters=210
 compilation: enabled

Compilation events (10 events):
Event: 631.912 Thread 0x000000002024c000  166       3       org.eclipse.jdt.launching.internal.org.objectweb.asm.ClassReader::readConst (276 bytes)
Event: 631.915 Thread 0x000000002024c000 nmethod 166 0x0000000004984410 code [0x0000000004984840, 0x00000000049869e8]
Event: 631.915 Thread 0x000000002024c000  167       3       org.eclipse.jdt.launching.internal.org.objectweb.asm.MethodWriter::visitLdcInsn (215 bytes)
Event: 631.916 Thread 0x000000002024c000 nmethod 167 0x0000000004988610 code [0x0000000004988820, 0x0000000004989338]
Event: 631.916 Thread 0x000000002024c000  169       3       org.eclipse.jdt.launching.internal.org.objectweb.asm.SymbolTable::addConstantString (8 bytes)
Event: 631.916 Thread 0x000000002024c000 nmethod 169 0x0000000004989810 code [0x0000000004989980, 0x0000000004989b28]
Event: 673.905 Thread 0x000000002024c000  172       3       java.nio.CharBuffer::arrayOffset (35 bytes)
Event: 673.905 Thread 0x000000002024c000 nmethod 172 0x0000000004989bd0 code [0x0000000004989d60, 0x000000000498a098]
Event: 680.136 Thread 0x000000002024c000  173       3       java.nio.Buffer::checkIndex (22 bytes)
Event: 680.137 Thread 0x000000002024c000 nmethod 173 0x000000000498a210 code [0x000000000498a380, 0x000000000498a628]

GC Heap History (0 events):
No events

Deoptimization events (0 events):
No events

Classes redefined (2 events):
Event: 264.579 Thread 0x000000001e229800 redefined class name=RockPaperScissors, count=1
Event: 631.911 Thread 0x000000001e229800 redefined class name=RockPaperScissors, count=2

Internal exceptions (6 events):
Event: 0.064 Thread 0x000000000450e800 Exception <a 'java/lang/NoSuchMethodError': Method sun.misc.Unsafe.defineClass(Ljava/lang/String;[BII)Ljava/lang/Class; name or signature does not match> (0x000000076b407cb0) thrown at [C:\re\workspace\8-2-build-windows-amd64-cygwin\jdk8u191\11896\hotspot
Event: 0.064 Thread 0x000000000450e800 Exception <a 'java/lang/NoSuchMethodError': Method sun.misc.Unsafe.prefetchRead(Ljava/lang/Object;J)V name or signature does not match> (0x000000076b407f98) thrown at [C:\re\workspace\8-2-build-windows-amd64-cygwin\jdk8u191\11896\hotspot\src\share\vm\prim
Event: 0.638 Thread 0x000000000450e800 Exception <a 'java/security/PrivilegedActionException'> (0x000000076bb2d460) thrown at [C:\re\workspace\8-2-build-windows-amd64-cygwin\jdk8u191\11896\hotspot\src\share\vm\prims\jvm.cpp, line 1435]
Event: 0.638 Thread 0x000000000450e800 Exception <a 'java/security/PrivilegedActionException'> (0x000000076bb2d858) thrown at [C:\re\workspace\8-2-build-windows-amd64-cygwin\jdk8u191\11896\hotspot\src\share\vm\prims\jvm.cpp, line 1435]
Event: 0.639 Thread 0x000000000450e800 Exception <a 'java/security/PrivilegedActionException'> (0x000000076bb316b0) thrown at [C:\re\workspace\8-2-build-windows-amd64-cygwin\jdk8u191\11896\hotspot\src\share\vm\prims\jvm.cpp, line 1435]
Event: 0.640 Thread 0x000000000450e800 Exception <a 'java/security/PrivilegedActionException'> (0x000000076bb31aa8) thrown at [C:\re\workspace\8-2-build-windows-amd64-cygwin\jdk8u191\11896\hotspot\src\share\vm\prims\jvm.cpp, line 1435]

Events (10 events):
Event: 680.140 Executing VM operation: GetCurrentContendedMonitor done
Event: 680.141 Executing VM operation: GetCurrentContendedMonitor
Event: 680.141 Executing VM operation: GetCurrentContendedMonitor done
Event: 680.141 Executing VM operation: GetOwnedMonitorInfo
Event: 680.141 Executing VM operation: GetOwnedMonitorInfo done
Event: 680.305 Executing VM operation: GetOwnedMonitorInfo
Event: 680.305 Executing VM operation: GetOwnedMonitorInfo done
Event: 680.306 Executing VM operation: GetCurrentContendedMonitor
Event: 680.306 Executing VM operation: GetCurrentContendedMonitor done
Event: 680.324 Executing VM operation: GetOrSetLocal


Dynamic libraries:
0x00007ff7963f0000 - 0x00007ff796427000 	C:\Program Files\Java\jre1.8.0_191\bin\javaw.exe
0x00007ffa40880000 - 0x00007ffa40a60000 	C:\WINDOWS\SYSTEM32\ntdll.dll
0x00007ffa13c40000 - 0x00007ffa13c68000 	C:\Program Files\Dell\Dell Data Protection\Advanced Threat Prevention\CyMemDef64.dll
0x00007ffa3ddf0000 - 0x00007ffa3de9e000 	C:\WINDOWS\System32\KERNEL32.DLL
0x00007ffa3d0f0000 - 0x00007ffa3d356000 	C:\WINDOWS\System32\KERNELBASE.dll
0x00007ffa3fdd0000 - 0x00007ffa3fe71000 	C:\WINDOWS\System32\ADVAPI32.dll
0x00007ffa3f450000 - 0x00007ffa3f4ed000 	C:\WINDOWS\System32\msvcrt.dll
0x00007ffa3f3b0000 - 0x00007ffa3f40b000 	C:\WINDOWS\System32\sechost.dll
0x00007ffa3fab0000 - 0x00007ffa3fbcf000 	C:\WINDOWS\System32\RPCRT4.dll
0x00007ffa3f7a0000 - 0x00007ffa3f92f000 	C:\WINDOWS\System32\USER32.dll
0x00007ffa3ce50000 - 0x00007ffa3ce70000 	C:\WINDOWS\System32\win32u.dll
0x00007ffa3f410000 - 0x00007ffa3f438000 	C:\WINDOWS\System32\GDI32.dll
0x00007ffa3ced0000 - 0x00007ffa3d063000 	C:\WINDOWS\System32\gdi32full.dll
0x00007ffa3d4b0000 - 0x00007ffa3d54b000 	C:\WINDOWS\System32\msvcp_win.dll
0x00007ffa3d3b0000 - 0x00007ffa3d4a5000 	C:\WINDOWS\System32\ucrtbase.dll
0x00007ffa2bef0000 - 0x00007ffa2c159000 	C:\WINDOWS\WinSxS\amd64_microsoft.windows.common-controls_6595b64144ccf1df_6.0.16299.846_none_15ccdcd493611213\COMCTL32.dll
0x00007ffa3fef0000 - 0x00007ffa401f6000 	C:\WINDOWS\System32\combase.dll
0x00007ffa3d070000 - 0x00007ffa3d0e2000 	C:\WINDOWS\System32\bcryptPrimitives.dll
0x00007ffa3f770000 - 0x00007ffa3f79d000 	C:\WINDOWS\System32\IMM32.DLL
0x00007ffa13d20000 - 0x00007ffa13dcb000 	C:\Program Files\McAfee\Host Intrusion Prevention\HcApi.dll
0x00007ffa3ce70000 - 0x00007ffa3cec8000 	C:\WINDOWS\System32\WINTRUST.dll
0x00007ffa3cbd0000 - 0x00007ffa3cbe2000 	C:\WINDOWS\System32\MSASN1.dll
0x00007ffa3cc80000 - 0x00007ffa3ce4e000 	C:\WINDOWS\System32\CRYPT32.dll
0x0000000055650000 - 0x000000005565c000 	C:\Program Files\McAfee\Host Intrusion Prevention\HcThe.dll
0x00000000548f0000 - 0x00000000549c2000 	C:\Program Files\Java\jre1.8.0_191\bin\msvcr100.dll
0x0000000054ad0000 - 0x0000000055374000 	C:\Program Files\Java\jre1.8.0_191\bin\server\jvm.dll
0x00007ffa3faa0000 - 0x00007ffa3faa8000 	C:\WINDOWS\System32\PSAPI.DLL
0x00007ffa22ad0000 - 0x00007ffa22ad9000 	C:\WINDOWS\SYSTEM32\WSOCK32.dll
0x00007ffa3fe80000 - 0x00007ffa3feec000 	C:\WINDOWS\System32\WS2_32.dll
0x00007ffa3a6d0000 - 0x00007ffa3a6f3000 	C:\WINDOWS\SYSTEM32\WINMM.dll
0x00007ffa3bbf0000 - 0x00007ffa3bbfa000 	C:\WINDOWS\SYSTEM32\VERSION.dll
0x00007ffa3a670000 - 0x00007ffa3a69a000 	C:\WINDOWS\SYSTEM32\WINMMBASE.dll
0x00007ffa3d360000 - 0x00007ffa3d3aa000 	C:\WINDOWS\System32\cfgmgr32.dll
0x0000000054ac0000 - 0x0000000054acf000 	C:\Program Files\Java\jre1.8.0_191\bin\verify.dll
0x0000000054a90000 - 0x0000000054ab9000 	C:\Program Files\Java\jre1.8.0_191\bin\java.dll
0x00000000548a0000 - 0x00000000548d5000 	C:\Program Files\Java\jre1.8.0_191\bin\jdwp.dll
0x0000000054890000 - 0x0000000054898000 	C:\Program Files\Java\jre1.8.0_191\bin\npt.dll
0x0000000054860000 - 0x0000000054883000 	C:\Program Files\Java\jre1.8.0_191\bin\instrument.dll
0x0000000054a70000 - 0x0000000054a86000 	C:\Program Files\Java\jre1.8.0_191\bin\zip.dll
0x00007ffa3dea0000 - 0x00007ffa3f2d8000 	C:\WINDOWS\System32\SHELL32.dll
0x00007ffa3f6c0000 - 0x00007ffa3f766000 	C:\WINDOWS\System32\shcore.dll
0x00007ffa3d600000 - 0x00007ffa3dd47000 	C:\WINDOWS\System32\windows.storage.dll
0x00007ffa3fd70000 - 0x00007ffa3fdc1000 	C:\WINDOWS\System32\shlwapi.dll
0x00007ffa3cc60000 - 0x00007ffa3cc71000 	C:\WINDOWS\System32\kernel.appcore.dll
0x00007ffa3cc10000 - 0x00007ffa3cc5c000 	C:\WINDOWS\System32\powrprof.dll
0x00007ffa3cbf0000 - 0x00007ffa3cc0b000 	C:\WINDOWS\System32\profapi.dll
0x0000000054850000 - 0x0000000054859000 	C:\Program Files\Java\jre1.8.0_191\bin\dt_socket.dll
0x00007ffa1aef0000 - 0x00007ffa1af06000 	C:\WINDOWS\system32\napinsp.dll
0x00007ffa1aed0000 - 0x00007ffa1aeea000 	C:\WINDOWS\system32\pnrpnsp.dll
0x00007ffa395e0000 - 0x00007ffa395f8000 	C:\WINDOWS\system32\NLAapi.dll
0x00007ffa3c460000 - 0x00007ffa3c4c6000 	C:\WINDOWS\System32\mswsock.dll
0x00007ffa3c230000 - 0x00007ffa3c2e6000 	C:\WINDOWS\SYSTEM32\DNSAPI.dll
0x00007ffa40840000 - 0x00007ffa40848000 	C:\WINDOWS\System32\NSI.dll
0x00007ffa3c1f0000 - 0x00007ffa3c229000 	C:\WINDOWS\SYSTEM32\IPHLPAPI.DLL
0x00007ffa1aec0000 - 0x00007ffa1aece000 	C:\WINDOWS\System32\winrnr.dll
0x00007ffa1aea0000 - 0x00007ffa1aeb5000 	C:\WINDOWS\System32\wshbth.dll
0x00007ffa38800000 - 0x00007ffa38870000 	C:\WINDOWS\System32\fwpuclnt.dll
0x00007ffa3c730000 - 0x00007ffa3c755000 	C:\WINDOWS\SYSTEM32\bcrypt.dll
0x00007ffa32a50000 - 0x00007ffa32a5a000 	C:\Windows\System32\rasadhlp.dll
0x00007ffa3b370000 - 0x00007ffa3b538000 	C:\WINDOWS\SYSTEM32\dbghelp.dll

VM Arguments:
jvm_args: -agentlib:jdwp=transport=dt_socket,suspend=y,address=localhost:61553 -javaagent:C:\Users\Patricia_parnell\eclipse\java-latest-released\eclipse\configuration\org.eclipse.osgi\634\0\.cp\lib\javaagent-shaded.jar -Dfile.encoding=Cp1252 
java_command: RockPaperScissors
java_class_path (initial): C:\Users\Patricia_parnell\dell-java\RockPaperScissors_Exceptions\bin;C:\Users\Patricia_parnell\eclipse\java-latest-released\eclipse\configuration\org.eclipse.osgi\634\0\.cp\lib\javaagent-shaded.jar
Launcher Type: SUN_STANDARD

Environment Variables:
PATH=C:/Program Files/Java/jre1.8.0_191/bin/server;C:/Program Files/Java/jre1.8.0_191/bin;C:/Program Files/Java/jre1.8.0_191/lib/amd64;C:\Program Files (x86)\Common Files\Oracle\Java\javapath;C:\app\oracle\product\12.1.0\client_1\bin;C:\Program Files (x86)\RSA SecurID Token Common;C:\Program Files\RSA SecurID Token Common;C:\WINDOWS\system32;C:\WINDOWS;C:\WINDOWS\System32\Wbem;C:\WINDOWS\System32\WindowsPowerShell\v1.0\;C:\Program Files\1E\NomadBranch\;C:\Program Files (x86)\Microsoft SQL Server\110\Tools\Binn\ManagementStudio\;C:\Program Files (x86)\Microsoft SQL Server\110\Tools\Binn\;C:\Program Files\Microsoft SQL Server\110\Tools\Binn\;C:\Program Files (x86)\Microsoft Visual Studio 10.0\Common7\IDE\PrivateAssemblies\;C:\Program Files (x86)\Microsoft SQL Server\110\DTS\Binn\;C:\Program Files\Microsoft SQL Server\110\DTS\Binn\;C:\Program Files\Intel\WiFi\bin\;C:\Program Files\Common Files\Intel\WirelessCommon\;C:\Program Files\Dell\Dell Data Protection\Encryption\;C:\Program Files\Git\cmd;C:\Program Files\nodejs\;C:\Users\Patricia_parnell\AppData\Local\Microsoft\WindowsApps;C:\Users\Patricia_parnell\AppData\Local\Programs\Microsoft VS Code\bin;C:\Users\Patricia_parnell\AppData\Local\GitHubDesktop\bin;C:\Users\Patricia_parnell\AppData\Roaming\npm;C:\Users\Patricia_parnell\Desktop;
USERNAME=Patricia_Parnell
OS=Windows_NT
PROCESSOR_IDENTIFIER=Intel64 Family 6 Model 142 Stepping 10, GenuineIntel



---------------  S Y S T E M  ---------------

OS: Windows 10.0 , 64 bit Build 16299 (10.0.16299.431)

CPU:total 8 (initial active 8) (4 cores per cpu, 2 threads per core) family 6 model 142 stepping 10, cmov, cx8, fxsr, mmx, sse, sse2, sse3, ssse3, sse4.1, sse4.2, popcnt, avx, avx2, aes, clmul, erms, rtm, 3dnowpref, lzcnt, ht, tsc, tscinvbit, bmi1, bmi2, adx

Memory: 4k page, physical 16655036k(9946580k free), swap 22422204k(12940320k free)

vm_info: Java HotSpot(TM) 64-Bit Server VM (25.191-b12) for windows-amd64 JRE (1.8.0_191-b12), built on Oct  6 2018 09:29:03 by "java_re" with MS VC++ 10.0 (VS2010)

time: Fri Jan 18 16:23:17 2019
elapsed time: 680 seconds (0d 0h 11m 20s)

